# Tier 1 跟踪 #29 cron log
# 06-15 11:21 CST 创建, B 方案 拍板 (GREEN 不发 qqbot)
# 触发: 19:10 CST 5-min cron

# === 06-15 19:11 CST ===
状态: D (GREEN - 不发 qqbot)
#29 thread timeline:
  - 10:XX Phase 5 审计报告 (Katherine-yl2rKS 发, A 路径已触发 11:21 cron 创建时)
  - 14:00 Phase 6 完工 pre-review ✅
  - 14:28 Phase 7 进展 pre-review ✅
  - 16:17 StretchGoGo 1.0.0 build 5 UPLOAD SUCCEEDED 🎉
  - 当前: 佛老爷 ASC 后台选 build 5 + Submit (佛老爷 1 min, 0 介入调度)
watch #29 sent 14:54 CST = silent 4h 17min (远超 30 min alert)
  → 但工作完成, 静默 = 无新工作, 不是失败
inbox: (no issues) - 0 新消息
watch #51 sent 16:29 CST = silent 2h 42min (远超 30 min alert)
watch #55 sent 18:09 CST = silent 1h 2min (远超 10 min alert)
  → 待查 #51 #55 是什么任务, 下次 cron 查

不打扰佛老爷 (B 方案 06-15 11:04 拍板生效).
Katherine-E2wa1m (Tier 1)

[2026-06-15 21:20 CST] Tier 1 cron tick #52 (heartbeat poll)
  state=YELLOW
  Katherine-yl2rKS 50 min silent (last engagement 20:30)
  #60 SILENT 42.4m (past 30m hard 16m ago)
  agent-bus-poll 0 new / 5 skipped
  agent-bus-watch 1 CRITICAL #60
  thread #29 last reply 20:33 (47m no change)
  8 cron healthy
  6 铁律 自查 done
  HOLD per B-plan 11:04 (佛老爷 0 介入, 醒-发-回睡, 强 ping = noise)
  Next hard line 21:30 CST (9 min)
  Katherine-yl2rKS next: 补 3 项 + 拉 master-rules + check-placeholders.sh + commit+push + reply thread #29
[2026-06-15 22:00 CST] Tier 1 跟踪 #29: 推进中, D 路径 (GREEN) — thread 29 最近 reply 是 20:33 (Katherine-E2wa1m pre-review, 1h 27min 前), Katherine-yl2rKS 还在补 3 项 (SOUL.md #5/#6 + ASC 已签 + 5 拍板永久存), 无新 reply, 无 #29 watch, 任务截止 24:00 GMT+8 (2h 后). watch #60/#62 是其他 issue, 非 #29. HOLD, 不打扰佛老爷.
