[2026-06-08 16:53:55] exit=0 state=REJECTED:2026-06-08T16:30:27+08:00
NO_REPLY
---
[2026-06-08 16:53:56] exit=0 state=REJECTED:2026-06-08T16:53:56+08:00
🚨 **VitaMindGo 审核被拒!**

状态: IN_REVIEW → **REJECTED**
时间: 2026-06-08T16:53:56+08:00

⚠️ 立即动作:
1. 登 App Store Connect → Resolution Center 看拒绝原因
2. 修代码/元数据/截图
3. 重新提交 (新 version)
4. 我可以帮您: 跑 asc-api-query.sh --json 拿详细 reason field
---
[2026-06-08 18:00:03] exit=0 state=WAITING_FOR_REVIEW:2026-06-08T17:32:34+08:00
NO_REPLY
---
[2026-06-08 22:00:04] exit=0 state=WAITING_FOR_REVIEW:2026-06-08T17:32:34+08:00
NO_REPLY
---
[2026-06-09 02:00:04] exit=0 state=WAITING_FOR_REVIEW:2026-06-08T17:32:34+08:00
NO_REPLY
---
[2026-06-09 06:00:02] exit=0 state=WAITING_FOR_REVIEW:2026-06-08T17:32:34+08:00
NO_REPLY
---
[2026-06-09 10:00:07] exit=0 state=WAITING_FOR_REVIEW:2026-06-08T17:32:34+08:00
NO_REPLY
---
[2026-06-09 14:00:07] exit=0 state=WAITING_FOR_REVIEW:2026-06-08T17:32:34+08:00
NO_REPLY
---
[2026-06-09 18:00:07] exit=0 state=REJECTED:2026-06-09T18:00:07+08:00
🚨 **VitaMindGo 审核被拒!**

状态: WAITING_FOR_REVIEW → **REJECTED**
时间: 2026-06-09T18:00:07+08:00

⚠️ 立即动作:
1. 登 App Store Connect → Resolution Center 看拒绝原因
2. 修代码/元数据/截图
3. 重新提交 (新 version)
4. 我可以帮您: 跑 asc-api-query.sh --json 拿详细 reason field
---
[2026-06-09 22:00:07] exit=0 state=WAITING_FOR_REVIEW:2026-06-09T20:03:37+08:00
NO_REPLY
---
[2026-06-10 02:00:07] exit=0 state=WAITING_FOR_REVIEW:2026-06-09T20:03:37+08:00
NO_REPLY
---
[2026-06-10 06:00:06] exit=0 state=WAITING_FOR_REVIEW:2026-06-09T20:03:37+08:00
NO_REPLY
---
[2026-06-10 10:00:06] exit=0 state=WAITING_FOR_REVIEW:2026-06-09T20:03:37+08:00
NO_REPLY
---
[2026-06-10 14:00:06] exit=0 state=WAITING_FOR_REVIEW:2026-06-09T20:03:37+08:00
NO_REPLY
---
[2026-06-10 18:00:04] exit=0 state=WAITING_FOR_REVIEW:2026-06-09T20:03:37+08:00
NO_REPLY
---
[2026-06-10 22:00:06] exit=0 state=READY_FOR_SALE:2026-06-10T20:03:39+08:00
NO_REPLY
---
[2026-06-11 02:00:04] exit=0 state=READY_FOR_SALE:2026-06-10T20:03:39+08:00
NO_REPLY
---
[2026-06-11 06:00:02] exit=0 state=READY_FOR_SALE:2026-06-10T20:03:39+08:00
NO_REPLY
---
[2026-06-11 10:00:03] exit=0 state=READY_FOR_SALE:2026-06-10T20:03:39+08:00
NO_REPLY
---
[2026-06-11 14:00:03] exit=0 state=READY_FOR_SALE:2026-06-10T20:03:39+08:00
NO_REPLY
---
[2026-06-11 18:00:05] exit=0 state=READY_FOR_SALE:2026-06-10T20:03:39+08:00
NO_REPLY
---
